/Users/ai-agent/trading-bot/bot/venv/lib/python3.9/site-packages/urllib3/__init__.py:35: NotOpenSSLWarning: urllib3 v2 only supports OpenSSL 1.1.1+, currently the 'ssl' module is compiled with 'LibreSSL 2.8.3'. See: https://github.com/urllib3/urllib3/issues/3020
  warnings.warn(
/Users/ai-agent/trading-bot/bot/venv/lib/python3.9/site-packages/urllib3/__init__.py:35: NotOpenSSLWarning: urllib3 v2 only supports OpenSSL 1.1.1+, currently the 'ssl' module is compiled with 'LibreSSL 2.8.3'. See: https://github.com/urllib3/urllib3/issues/3020
  warnings.warn(
[lock] Stale PID file found (PID 55373) — overwriting
[lock] Instance lock acquired (PID 2238)
[2026-04-28T09:30:03.966157] Bot runner started
[2026-04-28T09:30:04.047501] Active config: {'dry_run': True, 'watchlist': ['GOOGL', 'AAPL', 'MSFT'], 'max_open_positions': 3, 'trade_cooldown_minutes': 15, 'daily_loss_limit_pct': 0.03, 'max_allocation_pct': 0.1, 'risk_per_trade_pct': 0.01, 'stop_loss_pct': 0.03, 'take_profit_pct': 0.05, 'trailing_stop_pct': 0.0, 'rsi_period': 14, 'rsi_overbought': 75.0, 'min_trend_strength': 0.01, 'breakout_lookback': 20, 'intraday_timeframe': '15Min', 'allow_early_trend_entry': True, 'early_trend_max_sma_gap_pct': 0.03, 'sma20_rising_bars': 3, 'min_volume_ratio': 0.25, 'require_breakout_for_buy': False, 'require_intraday_confirmation': True, 'require_spy_bullish': False, 'intraday_sma_tolerance_pct': 0.005, 'allow_strong_daily_weak_intraday': False, 'early_trend_require_macd_improving': True}
[2026-04-28T09:30:04.054012] SLEEP REASON: Market confirmed CLOSED by API — sleeping 30 min
[2026-04-28T09:30:04.054380] Sleeping 1800s ...
[2026-04-28T10:00:04.148304] SLEEP REASON: Market confirmed CLOSED by API — sleeping 30 min
[2026-04-28T10:00:04.148885] Sleeping 1800s ...
[2026-04-28T10:30:04.268055] SLEEP REASON: Market confirmed CLOSED by API — sleeping 30 min
[2026-04-28T10:30:04.268881] Sleeping 1800s ...
[2026-04-28T11:00:04.483132] SLEEP REASON: Market confirmed CLOSED by API — sleeping 30 min
[2026-04-28T11:00:04.483709] Sleeping 1800s ...
[2026-04-28T11:30:04.621765] SLEEP REASON: Market confirmed CLOSED by API — sleeping 30 min
[2026-04-28T11:30:04.622323] Sleeping 1800s ...
[2026-04-28T12:00:04.735825] SLEEP REASON: Market confirmed CLOSED by API — sleeping 30 min
[2026-04-28T12:00:04.736353] Sleeping 1800s ...
[2026-04-28T12:30:04.906548] SLEEP REASON: Market confirmed CLOSED by API — sleeping 30 min
[2026-04-28T12:30:04.907231] Sleeping 1800s ...
[2026-04-28T13:00:05.052993] SLEEP REASON: Market confirmed CLOSED by API — sleeping 30 min
[2026-04-28T13:00:05.053543] Sleeping 1800s ...
[2026-04-28T13:30:05.143332] SLEEP REASON: Market confirmed CLOSED by API — sleeping 30 min
[2026-04-28T13:30:05.143749] Sleeping 1800s ...
[2026-04-28T14:00:05.284677] SLEEP REASON: Market confirmed CLOSED by API — sleeping 30 min
[2026-04-28T14:00:05.285400] Sleeping 1800s ...
[2026-04-28T14:30:05.451637] SLEEP REASON: Market confirmed CLOSED by API — sleeping 30 min
[2026-04-28T14:30:05.452232] Sleeping 1800s ...
[2026-04-28T15:00:05.649677] SLEEP REASON: Market confirmed CLOSED by API — sleeping 30 min
[2026-04-28T15:00:05.650203] Sleeping 1800s ...
[2026-04-28T15:30:05.822955] SLEEP REASON: Market confirmed CLOSED by API — sleeping 30 min
[2026-04-28T15:30:05.823531] Sleeping 1800s ...
[2026-04-28T16:00:06.029593] SLEEP REASON: Market confirmed CLOSED by API — sleeping 30 min
[2026-04-28T16:00:06.030070] Sleeping 1800s ...
[2026-04-28T16:30:06.169480] SLEEP REASON: Market confirmed CLOSED by API — sleeping 30 min
[2026-04-28T16:30:06.170011] Sleeping 1800s ...
[2026-04-28T17:00:06.341792] SLEEP REASON: Market confirmed CLOSED by API — sleeping 30 min
[2026-04-28T17:00:06.342332] Sleeping 1800s ...
[2026-04-28T17:30:06.495198] SLEEP REASON: Market confirmed CLOSED by API — sleeping 30 min
[2026-04-28T17:30:06.495684] Sleeping 1800s ...
[2026-04-28T18:00:06.645843] SLEEP REASON: Market confirmed CLOSED by API — sleeping 30 min
[2026-04-28T18:00:06.646369] Sleeping 1800s ...
[2026-04-28T18:30:06.722147] SLEEP REASON: Market confirmed CLOSED by API — sleeping 30 min
[2026-04-28T18:30:06.723122] Sleeping 1800s ...
[2026-04-28T19:00:06.844445] SLEEP REASON: Market confirmed CLOSED by API — sleeping 30 min
[2026-04-28T19:00:06.845188] Sleeping 1800s ...
[2026-04-28T19:30:06.924595] SLEEP REASON: Market confirmed CLOSED by API — sleeping 30 min
[2026-04-28T19:30:06.925235] Sleeping 1800s ...
[2026-04-28T20:00:07.064179] SLEEP REASON: Market confirmed CLOSED by API — sleeping 30 min
[2026-04-28T20:00:07.064701] Sleeping 1800s ...
[2026-04-28T20:30:07.328381] SLEEP REASON: Market confirmed CLOSED by API — sleeping 30 min
[2026-04-28T20:30:07.328871] Sleeping 1800s ...
[2026-04-28T21:00:07.424410] SLEEP REASON: Market confirmed CLOSED by API — sleeping 30 min
[2026-04-28T21:00:07.424960] Sleeping 1800s ...
[2026-04-28T21:30:07.551020] SLEEP REASON: Market confirmed CLOSED by API — sleeping 30 min
[2026-04-28T21:30:07.551485] Sleeping 1800s ...
[2026-04-28T22:00:07.543052] SLEEP REASON: Market confirmed CLOSED by API — sleeping 30 min
[2026-04-28T22:00:07.543561] Sleeping 1800s ...
[2026-04-28T22:30:07.635693] SLEEP REASON: Market confirmed CLOSED by API — sleeping 30 min
[2026-04-28T22:30:07.636276] Sleeping 1800s ...
[2026-04-28T23:00:07.874296] SLEEP REASON: Market confirmed CLOSED by API — sleeping 30 min
[2026-04-28T23:00:07.874812] Sleeping 1800s ...
[2026-04-28T23:30:08.050480] SLEEP REASON: Market confirmed CLOSED by API — sleeping 30 min
[2026-04-28T23:30:08.051057] Sleeping 1800s ...
[2026-04-29T00:00:08.159729] SLEEP REASON: Market confirmed CLOSED by API — sleeping 30 min
[2026-04-29T00:00:08.160226] Sleeping 1800s ...
[2026-04-29T00:30:08.262903] SLEEP REASON: Market confirmed CLOSED by API — sleeping 30 min
[2026-04-29T00:30:08.263865] Sleeping 1800s ...
[2026-04-29T01:00:08.463297] SLEEP REASON: Market confirmed CLOSED by API — sleeping 30 min
[2026-04-29T01:00:08.464144] Sleeping 1800s ...
[2026-04-29T01:30:08.649518] SLEEP REASON: Market confirmed CLOSED by API — sleeping 30 min
[2026-04-29T01:30:08.650088] Sleeping 1800s ...
[2026-04-29T02:00:08.699058] SLEEP REASON: Market confirmed CLOSED by API — sleeping 30 min
[2026-04-29T02:00:08.699585] Sleeping 1800s ...
[2026-04-29T02:30:08.843973] SLEEP REASON: Market confirmed CLOSED by API — sleeping 30 min
[2026-04-29T02:30:08.844530] Sleeping 1800s ...
[2026-04-29T03:00:08.995649] SLEEP REASON: Market confirmed CLOSED by API — sleeping 30 min
[2026-04-29T03:00:08.996236] Sleeping 1800s ...
[2026-04-29T03:30:09.046501] SLEEP REASON: Market confirmed CLOSED by API — sleeping 30 min
[2026-04-29T03:30:09.047748] Sleeping 1800s ...
[2026-04-29T04:00:09.153691] SLEEP REASON: Market confirmed CLOSED by API — sleeping 30 min
[2026-04-29T04:00:09.154294] Sleeping 1800s ...
[2026-04-29T04:30:09.306340] SLEEP REASON: Market confirmed CLOSED by API — sleeping 30 min
[2026-04-29T04:30:09.306926] Sleeping 1800s ...
[2026-04-29T05:00:09.504558] SLEEP REASON: Market confirmed CLOSED by API — sleeping 30 min
[2026-04-29T05:00:09.505143] Sleeping 1800s ...
[2026-04-29T05:30:09.588338] SLEEP REASON: Market confirmed CLOSED by API — sleeping 30 min
[2026-04-29T05:30:09.588935] Sleeping 1800s ...
[2026-04-29T06:00:09.663085] SLEEP REASON: Market confirmed CLOSED by API — sleeping 30 min
[2026-04-29T06:00:09.663628] Sleeping 1800s ...
[2026-04-29T06:30:09.763007] SLEEP REASON: Market confirmed CLOSED by API — sleeping 30 min
[2026-04-29T06:30:09.763597] Sleeping 1800s ...
[2026-04-29T07:00:09.941261] SLEEP REASON: Market confirmed CLOSED by API — sleeping 30 min
[2026-04-29T07:00:09.941825] Sleeping 1800s ...
[2026-04-29T07:30:10.165127] SLEEP REASON: Market confirmed CLOSED by API — sleeping 30 min
[2026-04-29T07:30:10.165844] Sleeping 1800s ...
[2026-04-29T08:00:10.364878] SLEEP REASON: Market confirmed CLOSED by API — sleeping 30 min
[2026-04-29T08:00:10.365427] Sleeping 1800s ...
[2026-04-29T08:30:10.511307] SLEEP REASON: Market confirmed CLOSED by API — sleeping 30 min
[2026-04-29T08:30:10.512066] Sleeping 1800s ...
[2026-04-29T09:00:10.549145] SLEEP REASON: Market confirmed CLOSED by API — sleeping 30 min
[2026-04-29T09:00:10.549961] Sleeping 1800s ...
[2026-04-29T09:30:10.730851] SLEEP REASON: Market confirmed CLOSED by API — sleeping 30 min
[2026-04-29T09:30:10.731451] Sleeping 1800s ...
[2026-04-29T10:00:10.929258] SLEEP REASON: Market confirmed CLOSED by API — sleeping 30 min
[2026-04-29T10:00:10.929706] Sleeping 1800s ...
[2026-04-29T10:30:10.960863] SLEEP REASON: Market confirmed CLOSED by API — sleeping 30 min
[2026-04-29T10:30:10.961415] Sleeping 1800s ...
[2026-04-29T11:00:11.169202] SLEEP REASON: Market confirmed CLOSED by API — sleeping 30 min
[2026-04-29T11:00:11.171314] Sleeping 1800s ...
[2026-04-29T11:30:11.318977] SLEEP REASON: Market confirmed CLOSED by API — sleeping 30 min
[2026-04-29T11:30:11.319598] Sleeping 1800s ...
[2026-04-29T12:00:11.378572] SLEEP REASON: Market confirmed CLOSED by API — sleeping 30 min
[2026-04-29T12:00:11.379189] Sleeping 1800s ...
[2026-04-29T12:30:11.541540] SLEEP REASON: Market confirmed CLOSED by API — sleeping 30 min
[2026-04-29T12:30:11.542304] Sleeping 1800s ...
[2026-04-29T13:00:11.626437] SLEEP REASON: Market confirmed CLOSED by API — sleeping 30 min
[2026-04-29T13:00:11.626937] Sleeping 1800s ...
[2026-04-29T13:30:11.865909] SLEEP REASON: Market confirmed CLOSED by API — sleeping 30 min
[2026-04-29T13:30:11.866486] Sleeping 1800s ...
[2026-04-29T14:00:11.915851] SLEEP REASON: Market confirmed CLOSED by API — sleeping 30 min
[2026-04-29T14:00:11.916414] Sleeping 1800s ...
[2026-04-29T14:30:12.056678] SLEEP REASON: Market confirmed CLOSED by API — sleeping 30 min
[2026-04-29T14:30:12.057221] Sleeping 1800s ...
[2026-04-29T15:00:12.194140] SLEEP REASON: Market confirmed CLOSED by API — sleeping 30 min
[2026-04-29T15:00:12.194583] Sleeping 1800s ...
[2026-04-29T15:30:12.423369] SLEEP REASON: Market confirmed CLOSED by API — sleeping 30 min
[2026-04-29T15:30:12.424204] Sleeping 1800s ...
[2026-04-29T16:00:12.608659] SLEEP REASON: Market confirmed CLOSED by API — sleeping 30 min
[2026-04-29T16:00:12.609379] Sleeping 1800s ...
[2026-04-29T16:30:12.653989] SLEEP REASON: Market confirmed CLOSED by API — sleeping 30 min
[2026-04-29T16:30:12.654535] Sleeping 1800s ...
[2026-04-29T17:00:12.711817] SLEEP REASON: Market confirmed CLOSED by API — sleeping 30 min
[2026-04-29T17:00:12.712411] Sleeping 1800s ...
[2026-04-29T17:30:12.804196] SLEEP REASON: Market confirmed CLOSED by API — sleeping 30 min
[2026-04-29T17:30:12.804803] Sleeping 1800s ...
[2026-04-29T18:00:12.968774] SLEEP REASON: Market confirmed CLOSED by API — sleeping 30 min
[2026-04-29T18:00:12.969335] Sleeping 1800s ...
[2026-04-29T18:30:13.082491] SLEEP REASON: Market confirmed CLOSED by API — sleeping 30 min
[2026-04-29T18:30:13.083291] Sleeping 1800s ...
[2026-04-29T19:00:13.196761] SLEEP REASON: Market confirmed CLOSED by API — sleeping 30 min
[2026-04-29T19:00:13.197502] Sleeping 1800s ...
[2026-04-29T19:30:13.396876] SLEEP REASON: Market confirmed CLOSED by API — sleeping 30 min
[2026-04-29T19:30:13.397506] Sleeping 1800s ...
[2026-04-29T20:00:13.483334] SLEEP REASON: Market confirmed CLOSED by API — sleeping 30 min
[2026-04-29T20:00:13.484188] Sleeping 1800s ...
[2026-04-29T20:30:13.588492] SLEEP REASON: Market confirmed CLOSED by API — sleeping 30 min
[2026-04-29T20:30:13.589391] Sleeping 1800s ...
[2026-04-29T21:00:13.742007] SLEEP REASON: Market confirmed CLOSED by API — sleeping 30 min
[2026-04-29T21:00:13.742410] Sleeping 1800s ...
[2026-04-29T21:30:13.927409] SLEEP REASON: Market confirmed CLOSED by API — sleeping 30 min
[2026-04-29T21:30:13.927966] Sleeping 1800s ...
[2026-04-29T22:00:14.053538] SLEEP REASON: Market confirmed CLOSED by API — sleeping 30 min
[2026-04-29T22:00:14.053927] Sleeping 1800s ...
[2026-04-29T22:30:14.200175] SLEEP REASON: Market confirmed CLOSED by API — sleeping 30 min
[2026-04-29T22:30:14.200715] Sleeping 1800s ...
[2026-04-29T23:00:14.342604] SLEEP REASON: Market confirmed CLOSED by API — sleeping 30 min
[2026-04-29T23:00:14.343123] Sleeping 1800s ...
[2026-04-29T23:30:14.392360] SLEEP REASON: Market confirmed CLOSED by API — sleeping 30 min
[2026-04-29T23:30:14.393136] Sleeping 1800s ...
[2026-04-30T00:00:14.472908] SLEEP REASON: Market confirmed CLOSED by API — sleeping 30 min
[2026-04-30T00:00:14.473523] Sleeping 1800s ...
[2026-04-30T00:30:14.660262] SLEEP REASON: Market confirmed CLOSED by API — sleeping 30 min
[2026-04-30T00:30:14.660782] Sleeping 1800s ...
[2026-04-30T01:00:14.855049] SLEEP REASON: Market confirmed CLOSED by API — sleeping 30 min
[2026-04-30T01:00:14.855592] Sleeping 1800s ...
[2026-04-30T01:30:14.979983] SLEEP REASON: Market confirmed CLOSED by API — sleeping 30 min
[2026-04-30T01:30:14.980500] Sleeping 1800s ...
[2026-04-30T02:00:15.132071] SLEEP REASON: Market confirmed CLOSED by API — sleeping 30 min
[2026-04-30T02:00:15.132613] Sleeping 1800s ...
[2026-04-30T02:30:15.294777] SLEEP REASON: Market confirmed CLOSED by API — sleeping 30 min
[2026-04-30T02:30:15.295369] Sleeping 1800s ...
[2026-04-30T03:00:15.464552] SLEEP REASON: Market confirmed CLOSED by API — sleeping 30 min
[2026-04-30T03:00:15.465105] Sleeping 1800s ...
[2026-04-30T03:30:15.524535] SLEEP REASON: Market confirmed CLOSED by API — sleeping 30 min
[2026-04-30T03:30:15.525095] Sleeping 1800s ...
[2026-04-30T04:00:15.676036] SLEEP REASON: Market confirmed CLOSED by API — sleeping 30 min
[2026-04-30T04:00:15.676589] Sleeping 1800s ...
[2026-04-30T04:30:15.917235] SLEEP REASON: Market confirmed CLOSED by API — sleeping 30 min
[2026-04-30T04:30:15.917757] Sleeping 1800s ...
[2026-04-30T05:00:16.086640] SLEEP REASON: Market confirmed CLOSED by API — sleeping 30 min
[2026-04-30T05:00:16.087627] Sleeping 1800s ...
[2026-04-30T05:30:16.223342] SLEEP REASON: Market confirmed CLOSED by API — sleeping 30 min
[2026-04-30T05:30:16.223920] Sleeping 1800s ...
[2026-04-30T06:00:16.340097] SLEEP REASON: Market confirmed CLOSED by API — sleeping 30 min
[2026-04-30T06:00:16.340637] Sleeping 1800s ...
[2026-04-30T06:30:16.482538] SLEEP REASON: Market confirmed CLOSED by API — sleeping 30 min
[2026-04-30T06:30:16.483215] Sleeping 1800s ...
[2026-04-30T07:00:16.601092] SLEEP REASON: Market confirmed CLOSED by API — sleeping 30 min
[2026-04-30T07:00:16.601649] Sleeping 1800s ...
[2026-04-30T07:30:16.745286] SLEEP REASON: Market confirmed CLOSED by API — sleeping 30 min
[2026-04-30T07:30:16.745840] Sleeping 1800s ...
[2026-04-30T08:00:16.851290] SLEEP REASON: Market confirmed CLOSED by API — sleeping 30 min
[2026-04-30T08:00:16.852124] Sleeping 1800s ...
[2026-04-30T08:30:16.960241] SLEEP REASON: Market confirmed CLOSED by API — sleeping 30 min
[2026-04-30T08:30:16.961034] Sleeping 1800s ...
[2026-04-30T09:00:17.146468] SLEEP REASON: Market confirmed CLOSED by API — sleeping 30 min
[2026-04-30T09:00:17.147021] Sleeping 1800s ...
[2026-04-30T09:30:17.259962] SLEEP REASON: Market confirmed CLOSED by API — sleeping 30 min
[2026-04-30T09:30:17.261239] Sleeping 1800s ...
[2026-04-30T10:00:17.391160] SLEEP REASON: Market confirmed CLOSED by API — sleeping 30 min
[2026-04-30T10:00:17.391957] Sleeping 1800s ...
[2026-04-30T10:30:17.495848] SLEEP REASON: Market confirmed CLOSED by API — sleeping 30 min
[2026-04-30T10:30:17.496751] Sleeping 1800s ...
[2026-04-30T11:00:17.600490] SLEEP REASON: Market confirmed CLOSED by API — sleeping 30 min
[2026-04-30T11:00:17.601021] Sleeping 1800s ...
[2026-04-30T11:30:17.643298] SLEEP REASON: Market confirmed CLOSED by API — sleeping 30 min
[2026-04-30T11:30:17.644120] Sleeping 1800s ...
[2026-04-30T12:00:17.701751] SLEEP REASON: Market confirmed CLOSED by API — sleeping 30 min
[2026-04-30T12:00:17.702534] Sleeping 1800s ...
[2026-04-30T12:30:17.835322] SLEEP REASON: Market confirmed CLOSED by API — sleeping 30 min
[2026-04-30T12:30:17.836315] Sleeping 1800s ...
[2026-04-30T13:00:17.991810] SLEEP REASON: Market confirmed CLOSED by API — sleeping 30 min
[2026-04-30T13:00:17.992745] Sleeping 1800s ...
[2026-04-30T13:30:18.159077] SLEEP REASON: Market confirmed CLOSED by API — sleeping 30 min
[2026-04-30T13:30:18.159704] Sleeping 1800s ...
[2026-04-30T14:00:18.204459] SLEEP REASON: Market confirmed CLOSED by API — sleeping 30 min
[2026-04-30T14:00:18.205015] Sleeping 1800s ...
[2026-04-30T14:30:18.350469] SLEEP REASON: Market confirmed CLOSED by API — sleeping 30 min
[2026-04-30T14:30:18.351075] Sleeping 1800s ...
[2026-04-30T15:00:18.588860] SLEEP REASON: Market confirmed CLOSED by API — sleeping 30 min
[2026-04-30T15:00:18.589462] Sleeping 1800s ...
[2026-04-30T15:30:18.662323] SLEEP REASON: Market confirmed CLOSED by API — sleeping 30 min
[2026-04-30T15:30:18.662836] Sleeping 1800s ...
[2026-04-30T16:00:18.753218] SLEEP REASON: Market confirmed CLOSED by API — sleeping 30 min
[2026-04-30T16:00:18.753719] Sleeping 1800s ...
[2026-04-30T16:30:18.881185] SLEEP REASON: Market confirmed CLOSED by API — sleeping 30 min
[2026-04-30T16:30:18.882142] Sleeping 1800s ...
[2026-04-30T17:00:18.996559] SLEEP REASON: Market confirmed CLOSED by API — sleeping 30 min
[2026-04-30T17:00:18.997135] Sleeping 1800s ...
[2026-04-30T17:30:19.163730] SLEEP REASON: Market confirmed CLOSED by API — sleeping 30 min
[2026-04-30T17:30:19.164281] Sleeping 1800s ...
[2026-04-30T18:00:19.323775] SLEEP REASON: Market confirmed CLOSED by API — sleeping 30 min
[2026-04-30T18:00:19.324282] Sleeping 1800s ...
[2026-04-30T18:30:19.419883] SLEEP REASON: Market confirmed CLOSED by API — sleeping 30 min
[2026-04-30T18:30:19.420430] Sleeping 1800s ...
[2026-04-30T19:00:19.539915] SLEEP REASON: Market confirmed CLOSED by API — sleeping 30 min
[2026-04-30T19:00:19.540466] Sleeping 1800s ...
[2026-04-30T19:30:19.699313] SLEEP REASON: Market confirmed CLOSED by API — sleeping 30 min
[2026-04-30T19:30:19.700366] Sleeping 1800s ...
[2026-04-30T20:00:19.879584] SLEEP REASON: Market confirmed CLOSED by API — sleeping 30 min
[2026-04-30T20:00:19.880085] Sleeping 1800s ...
[2026-04-30T20:30:20.050012] SLEEP REASON: Market confirmed CLOSED by API — sleeping 30 min
[2026-04-30T20:30:20.050772] Sleeping 1800s ...
[2026-04-30T21:00:20.101451] SLEEP REASON: Market confirmed CLOSED by API — sleeping 30 min
[2026-04-30T21:00:20.102357] Sleeping 1800s ...
[2026-04-30T21:30:20.164381] SLEEP REASON: Market confirmed CLOSED by API — sleeping 30 min
[2026-04-30T21:30:20.165023] Sleeping 1800s ...
[2026-04-30T22:00:20.224343] SLEEP REASON: Market confirmed CLOSED by API — sleeping 30 min
[2026-04-30T22:00:20.224850] Sleeping 1800s ...
[2026-04-30T22:30:20.265803] SLEEP REASON: Market confirmed CLOSED by API — sleeping 30 min
[2026-04-30T22:30:20.266322] Sleeping 1800s ...
[2026-04-30T23:00:20.517798] SLEEP REASON: Market confirmed CLOSED by API — sleeping 30 min
[2026-04-30T23:00:20.518317] Sleeping 1800s ...
[2026-04-30T23:30:20.646593] SLEEP REASON: Market confirmed CLOSED by API — sleeping 30 min
[2026-04-30T23:30:20.647385] Sleeping 1800s ...
[2026-05-01T00:00:20.764381] SLEEP REASON: Market confirmed CLOSED by API — sleeping 30 min
[2026-05-01T00:00:20.764955] Sleeping 1800s ...
[2026-05-01T00:30:20.897324] SLEEP REASON: Market confirmed CLOSED by API — sleeping 30 min
[2026-05-01T00:30:20.897855] Sleeping 1800s ...
[2026-05-01T01:00:21.017779] SLEEP REASON: Market confirmed CLOSED by API — sleeping 30 min
[2026-05-01T01:00:21.018333] Sleeping 1800s ...
[2026-05-01T01:30:21.171864] SLEEP REASON: Market confirmed CLOSED by API — sleeping 30 min
[2026-05-01T01:30:21.172412] Sleeping 1800s ...
[2026-05-01T02:00:21.349251] SLEEP REASON: Market confirmed CLOSED by API — sleeping 30 min
[2026-05-01T02:00:21.349805] Sleeping 1800s ...
[2026-05-01T02:30:21.520437] SLEEP REASON: Market confirmed CLOSED by API — sleeping 30 min
[2026-05-01T02:30:21.520924] Sleeping 1800s ...
[2026-05-01T03:00:21.681223] SLEEP REASON: Market confirmed CLOSED by API — sleeping 30 min
[2026-05-01T03:00:21.681649] Sleeping 1800s ...
[2026-05-01T03:30:21.699783] SLEEP REASON: Market confirmed CLOSED by API — sleeping 30 min
[2026-05-01T03:30:21.700341] Sleeping 1800s ...
[2026-05-01T04:00:21.774633] SLEEP REASON: Market confirmed CLOSED by API — sleeping 30 min
[2026-05-01T04:00:21.775227] Sleeping 1800s ...
[2026-05-01T04:30:21.933014] SLEEP REASON: Market confirmed CLOSED by API — sleeping 30 min
[2026-05-01T04:30:21.933631] Sleeping 1800s ...
[2026-05-01T05:00:22.037209] SLEEP REASON: Market confirmed CLOSED by API — sleeping 30 min
[2026-05-01T05:00:22.037781] Sleeping 1800s ...
[2026-05-01T05:30:22.190564] SLEEP REASON: Market confirmed CLOSED by API — sleeping 30 min
[2026-05-01T05:30:22.191055] Sleeping 1800s ...
[2026-05-01T06:00:22.382084] SLEEP REASON: Market confirmed CLOSED by API — sleeping 30 min
[2026-05-01T06:00:22.382624] Sleeping 1800s ...
[2026-05-01T06:30:22.426186] SLEEP REASON: Market confirmed CLOSED by API — sleeping 30 min
[2026-05-01T06:30:22.426739] Sleeping 1800s ...
[2026-05-01T07:00:22.612021] SLEEP REASON: Market confirmed CLOSED by API — sleeping 30 min
[2026-05-01T07:00:22.612435] Sleeping 1800s ...
[2026-05-01T07:30:22.625729] SLEEP REASON: Market confirmed CLOSED by API — sleeping 30 min
[2026-05-01T07:30:22.626205] Sleeping 1800s ...
[2026-05-01T08:00:22.736093] SLEEP REASON: Market confirmed CLOSED by API — sleeping 30 min
[2026-05-01T08:00:22.736615] Sleeping 1800s ...
[2026-05-01T08:30:22.778700] SLEEP REASON: Market confirmed CLOSED by API — sleeping 30 min
[2026-05-01T08:30:22.779210] Sleeping 1800s ...
[2026-05-01T09:00:22.876479] SLEEP REASON: Market confirmed CLOSED by API — sleeping 30 min
[2026-05-01T09:00:22.876998] Sleeping 1800s ...
[2026-05-01T09:30:22.976101] SLEEP REASON: Market confirmed CLOSED by API — sleeping 30 min
[2026-05-01T09:30:22.976631] Sleeping 1800s ...
[2026-05-01T10:00:22.965991] SLEEP REASON: Market confirmed CLOSED by API — sleeping 30 min
[2026-05-01T10:00:22.966526] Sleeping 1800s ...
[2026-05-01T10:30:23.180046] SLEEP REASON: Market confirmed CLOSED by API — sleeping 30 min
[2026-05-01T10:30:23.180567] Sleeping 1800s ...
[2026-05-01T11:00:23.300746] SLEEP REASON: Market confirmed CLOSED by API — sleeping 30 min
[2026-05-01T11:00:23.301272] Sleeping 1800s ...
[2026-05-01T11:30:23.328681] SLEEP REASON: Market confirmed CLOSED by API — sleeping 30 min
[2026-05-01T11:30:23.329257] Sleeping 1800s ...
[2026-05-01T12:00:23.542214] SLEEP REASON: Market confirmed CLOSED by API — sleeping 30 min
[2026-05-01T12:00:23.542776] Sleeping 1800s ...
[2026-05-01T12:30:23.588435] SLEEP REASON: Market confirmed CLOSED by API — sleeping 30 min
[2026-05-01T12:30:23.589127] Sleeping 1800s ...
[2026-05-01T13:00:23.662365] SLEEP REASON: Market confirmed CLOSED by API — sleeping 30 min
[2026-05-01T13:00:23.663241] Sleeping 1800s ...
[2026-05-01T13:30:23.818200] SLEEP REASON: Market confirmed CLOSED by API — sleeping 30 min
[2026-05-01T13:30:23.818672] Sleeping 1800s ...
[2026-05-01T14:00:23.950513] SLEEP REASON: Market confirmed CLOSED by API — sleeping 30 min
[2026-05-01T14:00:23.951055] Sleeping 1800s ...
[2026-05-01T14:30:24.132846] SLEEP REASON: Market confirmed CLOSED by API — sleeping 30 min
[2026-05-01T14:30:24.133306] Sleeping 1800s ...
[2026-05-01T15:00:24.268464] SLEEP REASON: Market confirmed CLOSED by API — sleeping 30 min
[2026-05-01T15:00:24.269177] Sleeping 1800s ...
[2026-05-01T15:30:24.359185] SLEEP REASON: Market confirmed CLOSED by API — sleeping 30 min
[2026-05-01T15:30:24.359955] Sleeping 1800s ...
[2026-05-01T16:00:24.452045] SLEEP REASON: Market confirmed CLOSED by API — sleeping 30 min
[2026-05-01T16:00:24.452586] Sleeping 1800s ...
[2026-05-01T16:30:24.591510] SLEEP REASON: Market confirmed CLOSED by API — sleeping 30 min
[2026-05-01T16:30:24.592012] Sleeping 1800s ...
[2026-05-01T17:00:24.777249] SLEEP REASON: Market confirmed CLOSED by API — sleeping 30 min
[2026-05-01T17:00:24.777925] Sleeping 1800s ...
[2026-05-01T17:30:24.893521] SLEEP REASON: Market confirmed CLOSED by API — sleeping 30 min
[2026-05-01T17:30:24.894020] Sleeping 1800s ...
[2026-05-01T18:00:24.952431] SLEEP REASON: Market confirmed CLOSED by API — sleeping 30 min
[2026-05-01T18:00:24.952924] Sleeping 1800s ...
[2026-05-01T18:30:25.117119] SLEEP REASON: Market confirmed CLOSED by API — sleeping 30 min
[2026-05-01T18:30:25.117606] Sleeping 1800s ...
[2026-05-01T19:00:25.284670] SLEEP REASON: Market confirmed CLOSED by API — sleeping 30 min
[2026-05-01T19:00:25.285289] Sleeping 1800s ...
[2026-05-01T19:30:25.379426] SLEEP REASON: Market confirmed CLOSED by API — sleeping 30 min
[2026-05-01T19:30:25.379925] Sleeping 1800s ...
[2026-05-01T20:00:25.407111] SLEEP REASON: Market confirmed CLOSED by API — sleeping 30 min
[2026-05-01T20:00:25.407958] Sleeping 1800s ...
[2026-05-01T20:30:25.525851] SLEEP REASON: Market confirmed CLOSED by API — sleeping 30 min
[2026-05-01T20:30:25.527049] Sleeping 1800s ...
[2026-05-01T21:00:25.674363] SLEEP REASON: Market confirmed CLOSED by API — sleeping 30 min
[2026-05-01T21:00:25.674889] Sleeping 1800s ...
[2026-05-01T21:30:25.831338] SLEEP REASON: Market confirmed CLOSED by API — sleeping 30 min
[2026-05-01T21:30:25.831836] Sleeping 1800s ...
[2026-05-01T22:00:25.899127] SLEEP REASON: Market confirmed CLOSED by API — sleeping 30 min
[2026-05-01T22:00:25.899697] Sleeping 1800s ...
[2026-05-01T22:30:26.139887] SLEEP REASON: Market confirmed CLOSED by API — sleeping 30 min
[2026-05-01T22:30:26.140435] Sleeping 1800s ...
[2026-05-01T23:00:26.337031] SLEEP REASON: Market confirmed CLOSED by API — sleeping 30 min
[2026-05-01T23:00:26.337782] Sleeping 1800s ...
[2026-05-01T23:30:26.416762] SLEEP REASON: Market confirmed CLOSED by API — sleeping 30 min
[2026-05-01T23:30:26.417267] Sleeping 1800s ...
[2026-05-02T00:00:26.566842] SLEEP REASON: Market confirmed CLOSED by API — sleeping 30 min
[2026-05-02T00:00:26.567367] Sleeping 1800s ...
[2026-05-02T00:30:26.711233] SLEEP REASON: Market confirmed CLOSED by API — sleeping 30 min
[2026-05-02T00:30:26.711746] Sleeping 1800s ...
[2026-05-02T01:00:26.858879] SLEEP REASON: Market confirmed CLOSED by API — sleeping 30 min
[2026-05-02T01:00:26.859373] Sleeping 1800s ...
[2026-05-02T01:30:27.063726] SLEEP REASON: Market confirmed CLOSED by API — sleeping 30 min
[2026-05-02T01:30:27.064228] Sleeping 1800s ...
[2026-05-02T02:00:27.180074] SLEEP REASON: Market confirmed CLOSED by API — sleeping 30 min
[2026-05-02T02:00:27.180594] Sleeping 1800s ...
[2026-05-02T02:30:27.267785] SLEEP REASON: Market confirmed CLOSED by API — sleeping 30 min
[2026-05-02T02:30:27.268310] Sleeping 1800s ...
[2026-05-02T03:00:27.491625] SLEEP REASON: Market confirmed CLOSED by API — sleeping 30 min
[2026-05-02T03:00:27.492145] Sleeping 1800s ...
[2026-05-02T03:30:27.589951] SLEEP REASON: Market confirmed CLOSED by API — sleeping 30 min
[2026-05-02T03:30:27.590464] Sleeping 1800s ...
[2026-05-02T04:00:27.748825] SLEEP REASON: Market confirmed CLOSED by API — sleeping 30 min
[2026-05-02T04:00:27.749335] Sleeping 1800s ...
[2026-05-02T04:30:27.906881] SLEEP REASON: Market confirmed CLOSED by API — sleeping 30 min
[2026-05-02T04:30:27.907442] Sleeping 1800s ...
[2026-05-02T05:00:28.084966] SLEEP REASON: Market confirmed CLOSED by API — sleeping 30 min
[2026-05-02T05:00:28.085461] Sleeping 1800s ...
[2026-05-02T05:30:28.243466] SLEEP REASON: Market confirmed CLOSED by API — sleeping 30 min
[2026-05-02T05:30:28.243984] Sleeping 1800s ...
[2026-05-02T06:00:28.439240] SLEEP REASON: Market confirmed CLOSED by API — sleeping 30 min
[2026-05-02T06:00:28.439796] Sleeping 1800s ...
[2026-05-02T06:30:28.596908] SLEEP REASON: Market confirmed CLOSED by API — sleeping 30 min
[2026-05-02T06:30:28.597421] Sleeping 1800s ...
[2026-05-02T07:00:28.751206] SLEEP REASON: Market confirmed CLOSED by API — sleeping 30 min
[2026-05-02T07:00:28.751709] Sleeping 1800s ...
[2026-05-02T07:30:28.866206] SLEEP REASON: Market confirmed CLOSED by API — sleeping 30 min
[2026-05-02T07:30:28.866708] Sleeping 1800s ...
[2026-05-02T08:00:28.911460] SLEEP REASON: Market confirmed CLOSED by API — sleeping 30 min
[2026-05-02T08:00:28.911984] Sleeping 1800s ...
[2026-05-02T08:30:29.085629] SLEEP REASON: Market confirmed CLOSED by API — sleeping 30 min
[2026-05-02T08:30:29.086155] Sleeping 1800s ...
[2026-05-02T09:00:29.181954] SLEEP REASON: Market confirmed CLOSED by API — sleeping 30 min
[2026-05-02T09:00:29.182540] Sleeping 1800s ...
[2026-05-02T09:30:29.354087] SLEEP REASON: Market confirmed CLOSED by API — sleeping 30 min
[2026-05-02T09:30:29.354666] Sleeping 1800s ...
[2026-05-02T10:00:29.505144] SLEEP REASON: Market confirmed CLOSED by API — sleeping 30 min
[2026-05-02T10:00:29.505734] Sleeping 1800s ...
[2026-05-02T10:30:29.701526] SLEEP REASON: Market confirmed CLOSED by API — sleeping 30 min
[2026-05-02T10:30:29.702041] Sleeping 1800s ...
[2026-05-02T11:00:29.744217] SLEEP REASON: Market confirmed CLOSED by API — sleeping 30 min
[2026-05-02T11:00:29.744800] Sleeping 1800s ...
[2026-05-02T11:30:29.884347] SLEEP REASON: Market confirmed CLOSED by API — sleeping 30 min
[2026-05-02T11:30:29.885099] Sleeping 1800s ...
[2026-05-02T12:00:30.063749] SLEEP REASON: Market confirmed CLOSED by API — sleeping 30 min
[2026-05-02T12:00:30.064263] Sleeping 1800s ...
[2026-05-02T12:30:30.213489] SLEEP REASON: Market confirmed CLOSED by API — sleeping 30 min
[2026-05-02T12:30:30.214387] Sleeping 1800s ...
[2026-05-02T13:00:30.359312] SLEEP REASON: Market confirmed CLOSED by API — sleeping 30 min
[2026-05-02T13:00:30.359857] Sleeping 1800s ...
[2026-05-02T13:30:30.588675] SLEEP REASON: Market confirmed CLOSED by API — sleeping 30 min
[2026-05-02T13:30:30.589202] Sleeping 1800s ...
[2026-05-02T14:00:30.664186] SLEEP REASON: Market confirmed CLOSED by API — sleeping 30 min
[2026-05-02T14:00:30.664702] Sleeping 1800s ...
[2026-05-02T14:30:30.759907] SLEEP REASON: Market confirmed CLOSED by API — sleeping 30 min
[2026-05-02T14:30:30.760441] Sleeping 1800s ...
[2026-05-02T15:00:30.825000] SLEEP REASON: Market confirmed CLOSED by API — sleeping 30 min
[2026-05-02T15:00:30.825566] Sleeping 1800s ...
[2026-05-02T15:30:30.936175] SLEEP REASON: Market confirmed CLOSED by API — sleeping 30 min
[2026-05-02T15:30:30.936747] Sleeping 1800s ...
[2026-05-02T16:00:31.011657] SLEEP REASON: Market confirmed CLOSED by API — sleeping 30 min
[2026-05-02T16:00:31.012199] Sleeping 1800s ...
[2026-05-02T16:30:31.106512] SLEEP REASON: Market confirmed CLOSED by API — sleeping 30 min
[2026-05-02T16:30:31.107049] Sleeping 1800s ...
[2026-05-02T17:00:31.263264] SLEEP REASON: Market confirmed CLOSED by API — sleeping 30 min
[2026-05-02T17:00:31.263797] Sleeping 1800s ...
[2026-05-02T17:30:31.387542] SLEEP REASON: Market confirmed CLOSED by API — sleeping 30 min
[2026-05-02T17:30:31.388115] Sleeping 1800s ...
[2026-05-02T18:00:31.445137] SLEEP REASON: Market confirmed CLOSED by API — sleeping 30 min
[2026-05-02T18:00:31.445720] Sleeping 1800s ...
[2026-05-02T18:30:31.659040] SLEEP REASON: Market confirmed CLOSED by API — sleeping 30 min
[2026-05-02T18:30:31.659617] Sleeping 1800s ...
[2026-05-02T19:00:31.806411] SLEEP REASON: Market confirmed CLOSED by API — sleeping 30 min
[2026-05-02T19:00:31.806932] Sleeping 1800s ...
[2026-05-02T19:30:31.959156] SLEEP REASON: Market confirmed CLOSED by API — sleeping 30 min
[2026-05-02T19:30:31.960318] Sleeping 1800s ...
[2026-05-02T20:00:32.092633] SLEEP REASON: Market confirmed CLOSED by API — sleeping 30 min
[2026-05-02T20:00:32.093181] Sleeping 1800s ...
[2026-05-02T20:30:32.206721] SLEEP REASON: Market confirmed CLOSED by API — sleeping 30 min
[2026-05-02T20:30:32.207279] Sleeping 1800s ...
[2026-05-02T21:00:32.353412] SLEEP REASON: Market confirmed CLOSED by API — sleeping 30 min
[2026-05-02T21:00:32.353943] Sleeping 1800s ...
[2026-05-02T21:30:32.491161] SLEEP REASON: Market confirmed CLOSED by API — sleeping 30 min
[2026-05-02T21:30:32.491944] Sleeping 1800s ...
[2026-05-02T22:00:32.590741] SLEEP REASON: Market confirmed CLOSED by API — sleeping 30 min
[2026-05-02T22:00:32.591349] Sleeping 1800s ...
[2026-05-02T22:30:32.708013] SLEEP REASON: Market confirmed CLOSED by API — sleeping 30 min
[2026-05-02T22:30:32.708585] Sleeping 1800s ...
[2026-05-02T23:00:32.874067] SLEEP REASON: Market confirmed CLOSED by API — sleeping 30 min
[2026-05-02T23:00:32.874654] Sleeping 1800s ...
[2026-05-02T23:30:33.040428] SLEEP REASON: Market confirmed CLOSED by API — sleeping 30 min
[2026-05-02T23:30:33.041216] Sleeping 1800s ...
[2026-05-03T00:00:33.162971] SLEEP REASON: Market confirmed CLOSED by API — sleeping 30 min
[2026-05-03T00:00:33.163776] Sleeping 1800s ...
[2026-05-03T00:30:33.339213] SLEEP REASON: Market confirmed CLOSED by API — sleeping 30 min
[2026-05-03T00:30:33.339990] Sleeping 1800s ...
[2026-05-03T01:00:33.465331] SLEEP REASON: Market confirmed CLOSED by API — sleeping 30 min
[2026-05-03T01:00:33.465871] Sleeping 1800s ...
[2026-05-03T01:30:33.589624] SLEEP REASON: Market confirmed CLOSED by API — sleeping 30 min
[2026-05-03T01:30:33.590395] Sleeping 1800s ...
[2026-05-03T02:00:33.766479] SLEEP REASON: Market confirmed CLOSED by API — sleeping 30 min
[2026-05-03T02:00:33.767227] Sleeping 1800s ...
[2026-05-03T02:30:33.977281] SLEEP REASON: Market confirmed CLOSED by API — sleeping 30 min
[2026-05-03T02:30:33.978002] Sleeping 1800s ...
[2026-05-03T03:00:34.122187] SLEEP REASON: Market confirmed CLOSED by API — sleeping 30 min
[2026-05-03T03:00:34.122926] Sleeping 1800s ...
[2026-05-03T03:30:34.294525] SLEEP REASON: Market confirmed CLOSED by API — sleeping 30 min
[2026-05-03T03:30:34.295302] Sleeping 1800s ...
[2026-05-03T04:00:34.418493] SLEEP REASON: Market confirmed CLOSED by API — sleeping 30 min
[2026-05-03T04:00:34.419344] Sleeping 1800s ...
[2026-05-03T04:30:34.627263] SLEEP REASON: Market confirmed CLOSED by API — sleeping 30 min
[2026-05-03T04:30:34.627876] Sleeping 1800s ...
[2026-05-03T05:00:34.767249] SLEEP REASON: Market confirmed CLOSED by API — sleeping 30 min
[2026-05-03T05:00:34.767807] Sleeping 1800s ...
[2026-05-03T05:30:34.908895] SLEEP REASON: Market confirmed CLOSED by API — sleeping 30 min
[2026-05-03T05:30:34.909553] Sleeping 1800s ...
[2026-05-03T06:00:35.070172] SLEEP REASON: Market confirmed CLOSED by API — sleeping 30 min
[2026-05-03T06:00:35.070705] Sleeping 1800s ...
[2026-05-03T06:30:35.225534] SLEEP REASON: Market confirmed CLOSED by API — sleeping 30 min
[2026-05-03T06:30:35.226187] Sleeping 1800s ...
[2026-05-03T07:00:35.283552] SLEEP REASON: Market confirmed CLOSED by API — sleeping 30 min
[2026-05-03T07:00:35.284086] Sleeping 1800s ...
[2026-05-03T07:30:35.456105] SLEEP REASON: Market confirmed CLOSED by API — sleeping 30 min
[2026-05-03T07:30:35.456597] Sleeping 1800s ...
[2026-05-03T08:00:35.634639] SLEEP REASON: Market confirmed CLOSED by API — sleeping 30 min
[2026-05-03T08:00:35.635139] Sleeping 1800s ...
[2026-05-03T08:30:35.806642] SLEEP REASON: Market confirmed CLOSED by API — sleeping 30 min
[2026-05-03T08:30:35.807381] Sleeping 1800s ...
[2026-05-03T09:00:35.894682] SLEEP REASON: Market confirmed CLOSED by API — sleeping 30 min
[2026-05-03T09:00:35.895157] Sleeping 1800s ...
[2026-05-03T09:30:35.997021] SLEEP REASON: Market confirmed CLOSED by API — sleeping 30 min
[2026-05-03T09:30:35.997476] Sleeping 1800s ...
[2026-05-03T10:00:36.175536] SLEEP REASON: Market confirmed CLOSED by API — sleeping 30 min
[2026-05-03T10:00:36.176037] Sleeping 1800s ...
[2026-05-03T10:30:36.354720] SLEEP REASON: Market confirmed CLOSED by API — sleeping 30 min
[2026-05-03T10:30:36.355246] Sleeping 1800s ...
[2026-05-03T11:00:36.413412] SLEEP REASON: Market confirmed CLOSED by API — sleeping 30 min
[2026-05-03T11:00:36.413934] Sleeping 1800s ...
[2026-05-03T11:30:36.507956] SLEEP REASON: Market confirmed CLOSED by API — sleeping 30 min
[2026-05-03T11:30:36.508489] Sleeping 1800s ...
[2026-05-03T12:00:36.668733] SLEEP REASON: Market confirmed CLOSED by API — sleeping 30 min
[2026-05-03T12:00:36.669230] Sleeping 1800s ...
[2026-05-03T12:30:36.873117] SLEEP REASON: Market confirmed CLOSED by API — sleeping 30 min
[2026-05-03T12:30:36.873797] Sleeping 1800s ...
[2026-05-03T13:00:36.997557] SLEEP REASON: Market confirmed CLOSED by API — sleeping 30 min
[2026-05-03T13:00:36.998049] Sleeping 1800s ...
[2026-05-03T13:30:37.137222] SLEEP REASON: Market confirmed CLOSED by API — sleeping 30 min
[2026-05-03T13:30:37.137740] Sleeping 1800s ...
[2026-05-03T14:00:37.265517] SLEEP REASON: Market confirmed CLOSED by API — sleeping 30 min
[2026-05-03T14:00:37.266011] Sleeping 1800s ...
[2026-05-03T14:30:37.368450] SLEEP REASON: Market confirmed CLOSED by API — sleeping 30 min
[2026-05-03T14:30:37.369188] Sleeping 1800s ...
[2026-05-03T15:00:37.590603] SLEEP REASON: Market confirmed CLOSED by API — sleeping 30 min
[2026-05-03T15:00:37.591314] Sleeping 1800s ...
[2026-05-03T15:30:37.747131] SLEEP REASON: Market confirmed CLOSED by API — sleeping 30 min
[2026-05-03T15:30:37.747866] Sleeping 1800s ...
[2026-05-03T16:00:37.860771] SLEEP REASON: Market confirmed CLOSED by API — sleeping 30 min
[2026-05-03T16:00:37.861267] Sleeping 1800s ...
[2026-05-03T16:30:37.953904] SLEEP REASON: Market confirmed CLOSED by API — sleeping 30 min
[2026-05-03T16:30:37.954389] Sleeping 1800s ...
[2026-05-03T17:00:38.113612] SLEEP REASON: Market confirmed CLOSED by API — sleeping 30 min
[2026-05-03T17:00:38.114173] Sleeping 1800s ...
[2026-05-03T17:30:38.169570] SLEEP REASON: Market confirmed CLOSED by API — sleeping 30 min
[2026-05-03T17:30:38.170134] Sleeping 1800s ...
[2026-05-03T18:00:38.326962] SLEEP REASON: Market confirmed CLOSED by API — sleeping 30 min
[2026-05-03T18:00:38.327476] Sleeping 1800s ...
[2026-05-03T18:30:38.483746] SLEEP REASON: Market confirmed CLOSED by API — sleeping 30 min
[2026-05-03T18:30:38.484415] Sleeping 1800s ...
[2026-05-03T19:00:38.495971] SLEEP REASON: Market confirmed CLOSED by API — sleeping 30 min
[2026-05-03T19:00:38.496588] Sleeping 1800s ...
[2026-05-03T19:30:38.575416] SLEEP REASON: Market confirmed CLOSED by API — sleeping 30 min
[2026-05-03T19:30:38.576560] Sleeping 1800s ...
[2026-05-03T20:00:38.744944] SLEEP REASON: Market confirmed CLOSED by API — sleeping 30 min
[2026-05-03T20:00:38.745855] Sleeping 1800s ...
[2026-05-03T20:30:38.767664] SLEEP REASON: Market confirmed CLOSED by API — sleeping 30 min
[2026-05-03T20:30:38.768249] Sleeping 1800s ...
[2026-05-03T21:00:38.956879] SLEEP REASON: Market confirmed CLOSED by API — sleeping 30 min
[2026-05-03T21:00:38.957561] Sleeping 1800s ...
[2026-05-03T21:30:39.125315] SLEEP REASON: Market confirmed CLOSED by API — sleeping 30 min
[2026-05-03T21:30:39.125916] Sleeping 1800s ...
[2026-05-03T22:00:39.284271] SLEEP REASON: Market confirmed CLOSED by API — sleeping 30 min
[2026-05-03T22:00:39.284793] Sleeping 1800s ...
[2026-05-03T22:30:39.492873] SLEEP REASON: Market confirmed CLOSED by API — sleeping 30 min
[2026-05-03T22:30:39.493527] Sleeping 1800s ...
[2026-05-03T23:00:39.676263] SLEEP REASON: Market confirmed CLOSED by API — sleeping 30 min
[2026-05-03T23:00:39.676787] Sleeping 1800s ...
[2026-05-03T23:30:39.886879] SLEEP REASON: Market confirmed CLOSED by API — sleeping 30 min
[2026-05-03T23:30:39.887632] Sleeping 1800s ...
[2026-05-04T00:00:39.975647] SLEEP REASON: Market confirmed CLOSED by API — sleeping 30 min
[2026-05-04T00:00:39.976169] Sleeping 1800s ...
[2026-05-04T00:30:40.148803] SLEEP REASON: Market confirmed CLOSED by API — sleeping 30 min
[2026-05-04T00:30:40.149550] Sleeping 1800s ...
[2026-05-04T01:00:40.214548] SLEEP REASON: Market confirmed CLOSED by API — sleeping 30 min
[2026-05-04T01:00:40.215324] Sleeping 1800s ...
[2026-05-04T01:30:40.338216] SLEEP REASON: Market confirmed CLOSED by API — sleeping 30 min
[2026-05-04T01:30:40.338791] Sleeping 1800s ...
[2026-05-04T02:00:40.535143] SLEEP REASON: Market confirmed CLOSED by API — sleeping 30 min
[2026-05-04T02:00:40.535916] Sleeping 1800s ...
[2026-05-04T02:30:40.705938] SLEEP REASON: Market confirmed CLOSED by API — sleeping 30 min
[2026-05-04T02:30:40.706443] Sleeping 1800s ...
[2026-05-04T03:00:40.824010] SLEEP REASON: Market confirmed CLOSED by API — sleeping 30 min
[2026-05-04T03:00:40.824534] Sleeping 1800s ...
[2026-05-04T03:30:40.978672] SLEEP REASON: Market confirmed CLOSED by API — sleeping 30 min
[2026-05-04T03:30:40.979220] Sleeping 1800s ...
[2026-05-04T04:00:41.090688] SLEEP REASON: Market confirmed CLOSED by API — sleeping 30 min
[2026-05-04T04:00:41.091197] Sleeping 1800s ...
[2026-05-04T04:30:41.272514] SLEEP REASON: Market confirmed CLOSED by API — sleeping 30 min
[2026-05-04T04:30:41.273053] Sleeping 1800s ...
[2026-05-04T05:00:41.442602] SLEEP REASON: Market confirmed CLOSED by API — sleeping 30 min
[2026-05-04T05:00:41.443151] Sleeping 1800s ...
[2026-05-04T05:30:41.550146] SLEEP REASON: Market confirmed CLOSED by API — sleeping 30 min
[2026-05-04T05:30:41.550661] Sleeping 1800s ...
